[1] Starting main script
[1] "Tue Jul 12 16:26:45 2016"
[1] Using model :  modelDoubleConvNN ,lr :  1e-05 , round :  2000 , eval :  FALSE
[1] Ensuring data availability
[1] "Loading compressed data"
[1] Asking model modelDoubleConvNN to generate new predictions
[1] Model version : 2
[1] Segmenting features
[1] Computing predictions #2
[1] "Loading saved model #2 for modelDoubleConvNN, version 2"
[1] Computing predictions #1
[1] Starting to train model for keypoints : 
[1]  1  2  3  4 21 22 29 30
[1] "Tue Jul 12 16:27:24 2016"
Start training with 1 devices
[1] Train-rmse=24.3946142647449
[2] Train-rmse=12.6317934538484
[3] Train-rmse=12.562540854563
[4] Train-rmse=12.4942644343695
[5] Train-rmse=12.429728124638
[6] Train-rmse=12.3682154790106
[7] Train-rmse=12.3093518050049
[8] Train-rmse=12.2529542479335
[9] Train-rmse=12.1987815756206
[10] Train-rmse=12.1464467076905
[11] Train-rmse=12.0956280381953
[12] Train-rmse=12.0460805046619
[13] Train-rmse=11.9975838891293
[14] Train-rmse=11.9500845683243
[15] Train-rmse=11.903501732055
[16] Train-rmse=11.8579112450342
[17] Train-rmse=11.8134002096002
[18] Train-rmse=11.7698185033716
[19] Train-rmse=11.7268456826772
[20] Train-rmse=11.6848957112875
[21] Train-rmse=11.6443653751554
[22] Train-rmse=11.6049001817155
[23] Train-rmse=11.5663966240904
[24] Train-rmse=11.5288519174999
[25] Train-rmse=11.4923264774342
[26] Train-rmse=11.4568970927815
[27] Train-rmse=11.4225279357452
[28] Train-rmse=11.3891204317602
[29] Train-rmse=11.3566085102774
[30] Train-rmse=11.3249990425996
[31] Train-rmse=11.2941537612986
[32] Train-rmse=11.2639171031678
[33] Train-rmse=11.2342671487076
[34] Train-rmse=11.205745156732
[35] Train-rmse=11.1781341251558
[36] Train-rmse=11.1512591529522
[37] Train-rmse=11.1252622089314
[38] Train-rmse=11.0998774019952
[39] Train-rmse=11.0750291874123
[40] Train-rmse=11.0505547118978
[41] Train-rmse=11.0264903551108
[42] Train-rmse=11.0028216501489
[43] Train-rmse=10.979553268302
[44] Train-rmse=10.9566875110216
[45] Train-rmse=10.9342834153947
[46] Train-rmse=10.9122212657418
[47] Train-rmse=10.8906542739301
[48] Train-rmse=10.8694891469583
[49] Train-rmse=10.848607421333
[50] Train-rmse=10.8279691098405
[51] Train-rmse=10.8075291099736
[52] Train-rmse=10.7872274854957
[53] Train-rmse=10.7670662423145
[54] Train-rmse=10.7470277379344
[55] Train-rmse=10.7270872789501
[56] Train-rmse=10.7070912200328
[57] Train-rmse=10.6871444663293
[58] Train-rmse=10.6672263555104
[59] Train-rmse=10.6475433300423
[60] Train-rmse=10.6280243486689
[61] Train-rmse=10.6085591020237
[62] Train-rmse=10.5891798899094
[63] Train-rmse=10.5698033333415
[64] Train-rmse=10.5504624055991
[65] Train-rmse=10.5310713785481
[66] Train-rmse=10.5116417435908
[67] Train-rmse=10.4922087886163
[68] Train-rmse=10.4730027166439
[69] Train-rmse=10.4538801044766
[70] Train-rmse=10.4347930849815
[71] Train-rmse=10.4156914559582
[72] Train-rmse=10.3965776409439
[73] Train-rmse=10.3774483028234
[74] Train-rmse=10.3582963955367
[75] Train-rmse=10.3391260095134
[76] Train-rmse=10.3198858660965
[77] Train-rmse=10.3005444378847
[78] Train-rmse=10.2809359328129
[79] Train-rmse=10.2608092952713
[80] Train-rmse=10.2405936574118
[81] Train-rmse=10.2211283127061
[82] Train-rmse=10.2018574024768
[83] Train-rmse=10.1826296030026
[84] Train-rmse=10.1633505356545
[85] Train-rmse=10.1442125157707
[86] Train-rmse=10.1250458284996
[87] Train-rmse=10.1057993291485
[88] Train-rmse=10.0863476177414
[89] Train-rmse=10.0667954555289
[90] Train-rmse=10.0473250622574
[91] Train-rmse=10.0280708766176
[92] Train-rmse=10.0089613276062
[93] Train-rmse=9.98992568695855
[94] Train-rmse=9.97080507802256
[95] Train-rmse=9.95174305379862
[96] Train-rmse=9.93274004911347
[97] Train-rmse=9.91361788157093
[98] Train-rmse=9.89447929259465
[99] Train-rmse=9.87569211892968
[100] Train-rmse=9.85702469772229
[101] Train-rmse=9.83832584735588
[102] Train-rmse=9.81967107997398
[103] Train-rmse=9.80102477552801
[104] Train-rmse=9.78241463070355
[105] Train-rmse=9.76377254687145
[106] Train-rmse=9.7451561397366
[107] Train-rmse=9.72659174867128
[108] Train-rmse=9.70802626188542
[109] Train-rmse=9.68950455000095
[110] Train-rmse=9.67099962904167
[111] Train-rmse=9.65246922672293
[112] Train-rmse=9.63398907981172
[113] Train-rmse=9.61552730816925
[114] Train-rmse=9.59705459544411
[115] Train-rmse=9.57859642218379
[116] Train-rmse=9.5601163142939
[117] Train-rmse=9.54164035636539
[118] Train-rmse=9.52322807533318
[119] Train-rmse=9.50479007264528
[120] Train-rmse=9.48635914806954
[121] Train-rmse=9.46792168152549
[122] Train-rmse=9.44943295363077
[123] Train-rmse=9.43089521126599
[124] Train-rmse=9.41236537078332
[125] Train-rmse=9.39362180579849
[126] Train-rmse=9.37474013239996
[127] Train-rmse=9.3557424050272
[128] Train-rmse=9.33678152740712
[129] Train-rmse=9.31805078933596
[130] Train-rmse=9.29947715491439
[131] Train-rmse=9.28103717131323
[132] Train-rmse=9.2624616162211
[133] Train-rmse=9.24385994551314
[134] Train-rmse=9.22525936908465
[135] Train-rmse=9.20681844703879
[136] Train-rmse=9.18843427668989
[137] Train-rmse=9.16996311776406
[138] Train-rmse=9.15148242705146
[139] Train-rmse=9.13303488578525
[140] Train-rmse=9.11453791278224
[141] Train-rmse=9.09604347657876
[142] Train-rmse=9.07742963374251
[143] Train-rmse=9.05874383799954
[144] Train-rmse=9.04004402943784
[145] Train-rmse=9.02127067363411
[146] Train-rmse=9.00261956420316
[147] Train-rmse=8.98389882832513
[148] Train-rmse=8.96525175393314
[149] Train-rmse=8.94664334513024
[150] Train-rmse=8.92806087259615
[151] Train-rmse=8.90950882345549
[152] Train-rmse=8.8908101602066
[153] Train-rmse=8.87227362867677
[154] Train-rmse=8.85351185327855
[155] Train-rmse=8.83474744426598
[156] Train-rmse=8.8159596154322
[157] Train-rmse=8.79708668331567
[158] Train-rmse=8.77821904556176
[159] Train-rmse=8.75940005279798
[160] Train-rmse=8.74055863964237
[161] Train-rmse=8.72163865319186
[162] Train-rmse=8.70272782353874
[163] Train-rmse=8.68380713027307
[164] Train-rmse=8.66484573806535
[165] Train-rmse=8.64581592085402
[166] Train-rmse=8.62673555645621
[167] Train-rmse=8.60762759141622
[168] Train-rmse=8.58848751512466
[169] Train-rmse=8.56923765627869
[170] Train-rmse=8.55004749957284
[171] Train-rmse=8.53075640706045
[172] Train-rmse=8.51144331313536
[173] Train-rmse=8.49214974430069
[174] Train-rmse=8.47278547328061
[175] Train-rmse=8.45336078349266
[176] Train-rmse=8.43398248971306
[177] Train-rmse=8.41445368222298
[178] Train-rmse=8.39494031283401
[179] Train-rmse=8.37544795693068
[180] Train-rmse=8.35596669123629
[181] Train-rmse=8.33632232622002
[182] Train-rmse=8.31671854445605
[183] Train-rmse=8.29699799595213
[184] Train-rmse=8.27727160443349
[185] Train-rmse=8.25749292623051
[186] Train-rmse=8.2376620669601
[187] Train-rmse=8.21783472933238
[188] Train-rmse=8.19795110046301
[189] Train-rmse=8.17806079025391
[190] Train-rmse=8.15817998676768
[191] Train-rmse=8.13818306429698
[192] Train-rmse=8.11810826992656
[193] Train-rmse=8.09797541037194
[194] Train-rmse=8.07805089175822
[195] Train-rmse=8.05796766912377
[196] Train-rmse=8.03787909490072
[197] Train-rmse=8.01769266801167
[198] Train-rmse=7.99749700663036
[199] Train-rmse=7.97738689328468
[200] Train-rmse=7.95718169742568
[201] Train-rmse=7.93693468907553
[202] Train-rmse=7.91666437284881
[203] Train-rmse=7.89631483096905
[204] Train-rmse=7.87617265008411
[205] Train-rmse=7.85587425929663
[206] Train-rmse=7.8357534608315
[207] Train-rmse=7.81545364199652
[208] Train-rmse=7.79524232862086
[209] Train-rmse=7.77490217641974
[210] Train-rmse=7.75457746565092
[211] Train-rmse=7.73434757403328
[212] Train-rmse=7.71397759981589
[213] Train-rmse=7.69369288651951
[214] Train-rmse=7.6733418887878
[215] Train-rmse=7.6529486572013
[216] Train-rmse=7.63249513880893
[217] Train-rmse=7.61222560197267
[218] Train-rmse=7.59188888001331
[219] Train-rmse=7.57139944158507
[220] Train-rmse=7.55113118446348
[221] Train-rmse=7.53056738027467
[222] Train-rmse=7.51013868775626
[223] Train-rmse=7.48955329447296
[224] Train-rmse=7.46897311809482
[225] Train-rmse=7.44840700167645
[226] Train-rmse=7.42787231585244
[227] Train-rmse=7.40738702639426
[228] Train-rmse=7.38687474865277
[229] Train-rmse=7.36635738633601
[230] Train-rmse=7.34590828876559
[231] Train-rmse=7.32522770084289
[232] Train-rmse=7.30470040860644
[233] Train-rmse=7.28418919525994
[234] Train-rmse=7.26362210840595
[235] Train-rmse=7.24316261388055
[236] Train-rmse=7.22270680377583
[237] Train-rmse=7.2021606596736
[238] Train-rmse=7.18171052290387
[239] Train-rmse=7.16116740826278
[240] Train-rmse=7.14076484010846
[241] Train-rmse=7.12037094857395
[242] Train-rmse=7.09978957858414
[243] Train-rmse=7.07935798792836
[244] Train-rmse=7.05874674885174
[245] Train-rmse=7.03805797901878
[246] Train-rmse=7.01776743970652
[247] Train-rmse=6.99725419350149
[248] Train-rmse=6.97693440621224
[249] Train-rmse=6.95638141013564
[250] Train-rmse=6.9360504279792
[251] Train-rmse=6.91569626948715
[252] Train-rmse=6.89528692862134
[253] Train-rmse=6.87489773055939
[254] Train-rmse=6.85453754685143
[255] Train-rmse=6.83416265651905
[256] Train-rmse=6.81381546147468
[257] Train-rmse=6.79356587881489
[258] Train-rmse=6.77323330907773
[259] Train-rmse=6.7528714608511
[260] Train-rmse=6.73264574955034
[261] Train-rmse=6.71232533628598
[262] Train-rmse=6.69211092734881
[263] Train-rmse=6.67191313357773
[264] Train-rmse=6.65167683197177
[265] Train-rmse=6.63148284708433
[266] Train-rmse=6.61112046337577
[267] Train-rmse=6.59099677986224
[268] Train-rmse=6.57076055013696
[269] Train-rmse=6.5505585663336
[270] Train-rmse=6.53038512776052
[271] Train-rmse=6.5102159046221
[272] Train-rmse=6.49007668875201
[273] Train-rmse=6.47000410592447
[274] Train-rmse=6.4498310682149
[275] Train-rmse=6.42974619791931
[276] Train-rmse=6.40969506567575
[277] Train-rmse=6.38975258161721
[278] Train-rmse=6.36974015347212
[279] Train-rmse=6.35002721418638
[280] Train-rmse=6.3300295202678
[281] Train-rmse=6.31021769778519
[282] Train-rmse=6.29045178042558
[283] Train-rmse=6.27082641216656
[284] Train-rmse=6.2510675010224
[285] Train-rmse=6.23147808965004
[286] Train-rmse=6.21191038085477
[287] Train-rmse=6.19220840694638
[288] Train-rmse=6.17270659554721
[289] Train-rmse=6.15316497186736
[290] Train-rmse=6.13345798646229
[291] Train-rmse=6.11419811025395
[292] Train-rmse=6.09483909854805
[293] Train-rmse=6.07555782815085
[294] Train-rmse=6.0563473981878
[295] Train-rmse=6.0372901324632
[296] Train-rmse=6.01806419959138
[297] Train-rmse=5.99892893356387
[298] Train-rmse=5.98008633677974
[299] Train-rmse=5.96095627445119
[300] Train-rmse=5.94194442948518
[301] Train-rmse=5.92276393814698
[302] Train-rmse=5.90394810996794
[303] Train-rmse=5.88503006656842
[304] Train-rmse=5.86635373168464
[305] Train-rmse=5.84765289740881
[306] Train-rmse=5.82899804216076
[307] Train-rmse=5.81048847453052
[308] Train-rmse=5.7918631946882
[309] Train-rmse=5.77339162906165
[310] Train-rmse=5.75498236014942
[311] Train-rmse=5.73656975333592
[312] Train-rmse=5.71820024681602
[313] Train-rmse=5.69986591133013
[314] Train-rmse=5.68164050106798
[315] Train-rmse=5.66338325811987
[316] Train-rmse=5.64530539732302
[317] Train-rmse=5.62730710722173
[318] Train-rmse=5.60927666975067
[319] Train-rmse=5.59126638963569
[320] Train-rmse=5.57358080328188
[321] Train-rmse=5.55584223118436
[322] Train-rmse=5.53812211601416
[323] Train-rmse=5.52055560663954
[324] Train-rmse=5.50302291898585
[325] Train-rmse=5.48550707752702
[326] Train-rmse=5.46811571749222
[327] Train-rmse=5.45069409340921
[328] Train-rmse=5.43340091305238
[329] Train-rmse=5.41625860248426
[330] Train-rmse=5.39901358030693
[331] Train-rmse=5.38212723397181
[332] Train-rmse=5.36501028115328
[333] Train-rmse=5.34804348778766
[334] Train-rmse=5.33124907085045
[335] Train-rmse=5.31433737835195
[336] Train-rmse=5.29751650759003
[337] Train-rmse=5.28095549026486
[338] Train-rmse=5.26457824605307
[339] Train-rmse=5.2480959159765
[340] Train-rmse=5.23186648953901
[341] Train-rmse=5.21581656510214
[342] Train-rmse=5.19960080113929
[343] Train-rmse=5.18352114211466
[344] Train-rmse=5.1675861077431
[345] Train-rmse=5.15176848577419
[346] Train-rmse=5.13591472110801
[347] Train-rmse=5.12023216768382
[348] Train-rmse=5.10468596237259
[349] Train-rmse=5.08909410935235
[350] Train-rmse=5.07373616165547
[351] Train-rmse=5.05822963832267
[352] Train-rmse=5.04300081995687
[353] Train-rmse=5.027724486381
[354] Train-rmse=5.01249093381224
[355] Train-rmse=4.99750887596293
[356] Train-rmse=4.98243579636116
[357] Train-rmse=4.96745568276081
[358] Train-rmse=4.95273180999753
[359] Train-rmse=4.93797923614147
[360] Train-rmse=4.923388457115
[361] Train-rmse=4.9088605641193
[362] Train-rmse=4.89421637744134
[363] Train-rmse=4.87983592168405
[364] Train-rmse=4.86538897732745
[365] Train-rmse=4.85117942314127
[366] Train-rmse=4.83695482407182
[367] Train-rmse=4.82289732802589
[368] Train-rmse=4.80893021186191
[369] Train-rmse=4.79495544393905
[370] Train-rmse=4.78126366847799
[371] Train-rmse=4.76741126718168
[372] Train-rmse=4.75364055565442
[373] Train-rmse=4.74019031363248
[374] Train-rmse=4.72667688995409
[375] Train-rmse=4.71318960206325
[376] Train-rmse=4.69983636225157
[377] Train-rmse=4.68650894386742
[378] Train-rmse=4.67331978874913
[379] Train-rmse=4.66031799167631
[380] Train-rmse=4.64738778498538
[381] Train-rmse=4.63431916151704
[382] Train-rmse=4.62155412211483
[383] Train-rmse=4.60882716992417
[384] Train-rmse=4.59616663690169
[385] Train-rmse=4.58344365665307
[386] Train-rmse=4.57103538566922
[387] Train-rmse=4.55867137775475
[388] Train-rmse=4.54629266357292
[389] Train-rmse=4.53413447343325
[390] Train-rmse=4.52197248362743
[391] Train-rmse=4.51006732176427
[392] Train-rmse=4.49806420113377
[393] Train-rmse=4.4860102861019
[394] Train-rmse=4.47429550484807
[395] Train-rmse=4.46259969294245
[396] Train-rmse=4.45069063017409
[397] Train-rmse=4.43933709418592
[398] Train-rmse=4.42768078577401
[399] Train-rmse=4.41628513415981
[400] Train-rmse=4.40494147666946
[401] Train-rmse=4.3939292242232
[402] Train-rmse=4.38253726557977
[403] Train-rmse=4.37132482419247
[404] Train-rmse=4.36044616155475
[405] Train-rmse=4.3494441350943
[406] Train-rmse=4.338557786828
[407] Train-rmse=4.3278707998466
[408] Train-rmse=4.31711944547616
[409] Train-rmse=4.30663648106096
[410] Train-rmse=4.29607053505129
[411] Train-rmse=4.28554690002788
[412] Train-rmse=4.27526336296485
[413] Train-rmse=4.26517139843657
[414] Train-rmse=4.2549107957591
[415] Train-rmse=4.24486593630666
[416] Train-rmse=4.23480246272155
[417] Train-rmse=4.22473034654088
[418] Train-rmse=4.21487201999058
[419] Train-rmse=4.20511079890037
[420] Train-rmse=4.19523924969866
[421] Train-rmse=4.18563344453539
[422] Train-rmse=4.17595238741843
[423] Train-rmse=4.16644016981901
[424] Train-rmse=4.15710870175404
[425] Train-rmse=4.14772736397816
[426] Train-rmse=4.13828093815778
[427] Train-rmse=4.12905524614289
[428] Train-rmse=4.11987229702525
[429] Train-rmse=4.11086043530935
[430] Train-rmse=4.10181928793562
[431] Train-rmse=4.09294008113522
[432] Train-rmse=4.08405271295139
[433] Train-rmse=4.07521891552979
[434] Train-rmse=4.06650190851982
[435] Train-rmse=4.05782224989868
[436] Train-rmse=4.04927021738763
[437] Train-rmse=4.04067884363312
[438] Train-rmse=4.03238871602706
[439] Train-rmse=4.02396320605451
[440] Train-rmse=4.01565415309883
[441] Train-rmse=4.00721844601748
[442] Train-rmse=3.99920798484707
[443] Train-rmse=3.99096548793425
[444] Train-rmse=3.98287049754308
[445] Train-rmse=3.97497626619049
[446] Train-rmse=3.96716245630025
[447] Train-rmse=3.95911064169984
[448] Train-rmse=3.95142776300652
[449] Train-rmse=3.94362135306314
[450] Train-rmse=3.93613734080427
[451] Train-rmse=3.92827991444149
[452] Train-rmse=3.92068938414603
[453] Train-rmse=3.91324403261239
[454] Train-rmse=3.90576848110229
[455] Train-rmse=3.89826212931331
[456] Train-rmse=3.89094397754737
[457] Train-rmse=3.88383232964682
[458] Train-rmse=3.87652333740708
[459] Train-rmse=3.86941491426666
[460] Train-rmse=3.86237390072516
[461] Train-rmse=3.85511303179372
[462] Train-rmse=3.84828263907791
[463] Train-rmse=3.84119297462662
[464] Train-rmse=3.83431781318776
[465] Train-rmse=3.82749481365774
[466] Train-rmse=3.82068109500072
[467] Train-rmse=3.81423479995512
[468] Train-rmse=3.80744319811801
[469] Train-rmse=3.80093771027
[470] Train-rmse=3.79441580360757
[471] Train-rmse=3.78774610481723
[472] Train-rmse=3.78128876809385
[473] Train-rmse=3.77496217584764
[474] Train-rmse=3.76860560755652
[475] Train-rmse=3.76236257751096
[476] Train-rmse=3.75606786593012
[477] Train-rmse=3.74996952581675
[478] Train-rmse=3.74372118396425
[479] Train-rmse=3.73777892909477
[480] Train-rmse=3.73158515975722
[481] Train-rmse=3.72590943179493
[482] Train-rmse=3.71982573472164
[483] Train-rmse=3.71395506141396
[484] Train-rmse=3.70820865960721
[485] Train-rmse=3.70236168366517
[486] Train-rmse=3.69670932293087
[487] Train-rmse=3.69098209299661
[488] Train-rmse=3.68525679899438
[489] Train-rmse=3.67968901582232
[490] Train-rmse=3.67409450589716
[491] Train-rmse=3.66870486240372
[492] Train-rmse=3.66318144298752
[493] Train-rmse=3.65783596369372
[494] Train-rmse=3.65247095461828
[495] Train-rmse=3.64721369464749
[496] Train-rmse=3.64194015576806
[497] Train-rmse=3.63673712618351
[498] Train-rmse=3.63150483328163
[499] Train-rmse=3.62652398795761
[500] Train-rmse=3.62142351825411
[501] Train-rmse=3.61639019877864
[502] Train-rmse=3.61134669327622
[503] Train-rmse=3.60640992415332
[504] Train-rmse=3.6015424640186
[505] Train-rmse=3.59667080947452
[506] Train-rmse=3.59187419025519
[507] Train-rmse=3.58700849042341
[508] Train-rmse=3.58226280466777
[509] Train-rmse=3.57755947816158
[510] Train-rmse=3.57299748027325
[511] Train-rmse=3.56839039661718
[512] Train-rmse=3.5637501112656
[513] Train-rmse=3.55920282316588
[514] Train-rmse=3.55471905580768
[515] Train-rmse=3.55030030286499
[516] Train-rmse=3.54594378611763
[517] Train-rmse=3.54154674723033
[518] Train-rmse=3.53713524097383
[519] Train-rmse=3.5327540790932
[520] Train-rmse=3.52850615840619
[521] Train-rmse=3.52425218493491
[522] Train-rmse=3.51997238711277
[523] Train-rmse=3.51592670410745
[524] Train-rmse=3.51179266938365
[525] Train-rmse=3.50762952562634
[526] Train-rmse=3.50361434500936
[527] Train-rmse=3.49960742658151
[528] Train-rmse=3.49564653084694
[529] Train-rmse=3.49172737961717
[530] Train-rmse=3.48781519383086
[531] Train-rmse=3.48391339822508
[532] Train-rmse=3.48005379364241
[533] Train-rmse=3.47623393611127
[534] Train-rmse=3.47255989280103
[535] Train-rmse=3.46879657289299
[536] Train-rmse=3.46501846341199
[537] Train-rmse=3.46124625057503
[538] Train-rmse=3.45760182927947
[539] Train-rmse=3.45387352205596
[540] Train-rmse=3.4502512439891
[541] Train-rmse=3.44657388764388
[542] Train-rmse=3.44308620399733
[543] Train-rmse=3.43945864964931
[544] Train-rmse=3.43593798762681
[545] Train-rmse=3.43246765204129
[546] Train-rmse=3.42899357575766
[547] Train-rmse=3.42562474637509
[548] Train-rmse=3.42209684508652
[549] Train-rmse=3.41877520520669
[550] Train-rmse=3.41532106395361
[551] Train-rmse=3.41200608558525
[552] Train-rmse=3.40862876660733
[553] Train-rmse=3.40529201182797
[554] Train-rmse=3.40206909748897
[555] Train-rmse=3.39878958146608
[556] Train-rmse=3.39557493297443
[557] Train-rmse=3.39242219831011
[558] Train-rmse=3.38925237873506
[559] Train-rmse=3.38618108735105
[560] Train-rmse=3.38320294618726
[561] Train-rmse=3.38009517746843
[562] Train-rmse=3.37707598834006
[563] Train-rmse=3.37406655246935
[564] Train-rmse=3.37098301843849
[565] Train-rmse=3.3680635017491
[566] Train-rmse=3.36512659043008
[567] Train-rmse=3.3623257925641
[568] Train-rmse=3.35947131290259
[569] Train-rmse=3.35653839469687
[570] Train-rmse=3.35369594998235
[571] Train-rmse=3.35095480436365
[572] Train-rmse=3.34815154397889
[573] Train-rmse=3.34531688987106
[574] Train-rmse=3.34252228803087
[575] Train-rmse=3.33985000238052
[576] Train-rmse=3.33712361066787
[577] Train-rmse=3.33441736321492
[578] Train-rmse=3.33158383700328
[579] Train-rmse=3.32903226956926
[580] Train-rmse=3.32632879441982
[581] Train-rmse=3.32374432894177
[582] Train-rmse=3.32130650607895
[583] Train-rmse=3.31870626354077
[584] Train-rmse=3.31603099717937
[585] Train-rmse=3.31348049883117
[586] Train-rmse=3.31115631390537
[587] Train-rmse=3.30843688431256
[588] Train-rmse=3.3061135509032
[589] Train-rmse=3.30374029680898
[590] Train-rmse=3.30132432272474
[591] Train-rmse=3.29890834607647
[592] Train-rmse=3.29639448859147
[593] Train-rmse=3.29414030090454
[594] Train-rmse=3.29166982964864
[595] Train-rmse=3.2893732307987
[596] Train-rmse=3.2871463641021
[597] Train-rmse=3.28479793268078
[598] Train-rmse=3.28250924877385
[599] Train-rmse=3.28019310117879
[600] Train-rmse=3.27794029804673
[601] Train-rmse=3.27572518191011
[602] Train-rmse=3.27362714704454
[603] Train-rmse=3.27125887280093
[604] Train-rmse=3.2689999978936
[605] Train-rmse=3.26689859807337
[606] Train-rmse=3.26475024376468
[607] Train-rmse=3.26272311475106
[608] Train-rmse=3.26045360170914
[609] Train-rmse=3.25827578444278
[610] Train-rmse=3.25613304342326
[611] Train-rmse=3.25420634396888
[612] Train-rmse=3.25202016072822
[613] Train-rmse=3.25003337001151
[614] Train-rmse=3.24793010392032
[615] Train-rmse=3.24597603842208
[616] Train-rmse=3.24386155342641
[617] Train-rmse=3.24185477050262
[618] Train-rmse=3.23989642624387
[619] Train-rmse=3.23785517756594
[620] Train-rmse=3.23590037130505
[621] Train-rmse=3.23404676498299
[622] Train-rmse=3.23205847287858
[623] Train-rmse=3.23004558937024
[624] Train-rmse=3.22809350695195
[625] Train-rmse=3.22624961144158
[626] Train-rmse=3.22437820142405
[627] Train-rmse=3.22247948928316
[628] Train-rmse=3.22077282072371
[629] Train-rmse=3.21891882065059
[630] Train-rmse=3.21714456213473
[631] Train-rmse=3.21518771259262
[632] Train-rmse=3.21354792760784
[633] Train-rmse=3.21154450524814
[634] Train-rmse=3.20983594248831
[635] Train-rmse=3.20790521937818
[636] Train-rmse=3.20632192981951
[637] Train-rmse=3.20458446287089
[638] Train-rmse=3.2027801683567
[639] Train-rmse=3.20099369843074
[640] Train-rmse=3.1993589031867
[641] Train-rmse=3.19759214669127
[642] Train-rmse=3.19606032933575
[643] Train-rmse=3.19433710247711
[644] Train-rmse=3.19268529155893
[645] Train-rmse=3.19096015439721
[646] Train-rmse=3.1894122460892
[647] Train-rmse=3.18775938315505
[648] Train-rmse=3.18602469746531
[649] Train-rmse=3.18448488968614
[650] Train-rmse=3.18304741460183
[651] Train-rmse=3.18120444386021
[652] Train-rmse=3.17974815558356
[653] Train-rmse=3.17815438453355
[654] Train-rmse=3.17658384442963
[655] Train-rmse=3.17510778651413
[656] Train-rmse=3.17352852414328
[657] Train-rmse=3.17195550497661
[658] Train-rmse=3.17042718032114
[659] Train-rmse=3.16895579530427
[660] Train-rmse=3.16733098996322
[661] Train-rmse=3.1659054182859
[662] Train-rmse=3.16457806582777
[663] Train-rmse=3.16308085658833
[664] Train-rmse=3.1615906981238
[665] Train-rmse=3.1600031278294
[666] Train-rmse=3.15851759574306
[667] Train-rmse=3.15717317885104
[668] Train-rmse=3.15574534873853
[669] Train-rmse=3.15452273755523
[670] Train-rmse=3.15290327029285
[671] Train-rmse=3.1515816245049
[672] Train-rmse=3.15009371760048
[673] Train-rmse=3.14884517838877
[674] Train-rmse=3.14741097805049
[675] Train-rmse=3.14606741815441
[676] Train-rmse=3.14474549936422
[677] Train-rmse=3.14341924814883
[678] Train-rmse=3.14198759437963
[679] Train-rmse=3.14075664221329
[680] Train-rmse=3.13944752057193
[681] Train-rmse=3.13810338332854
[682] Train-rmse=3.13692153619068
[683] Train-rmse=3.13560987655718
[684] Train-rmse=3.13429998881479
[685] Train-rmse=3.13299275311147
[686] Train-rmse=3.13164187487158
[687] Train-rmse=3.13040965277744
[688] Train-rmse=3.1291893269898
[689] Train-rmse=3.1278896371315
[690] Train-rmse=3.12662469001403
[691] Train-rmse=3.12540296015018
[692] Train-rmse=3.12412697993399
[693] Train-rmse=3.12287165843549
[694] Train-rmse=3.1216309234177
[695] Train-rmse=3.12040861949714
[696] Train-rmse=3.11921597081926
[697] Train-rmse=3.11798694127316
[698] Train-rmse=3.11676747277385
[699] Train-rmse=3.11557301614739
[700] Train-rmse=3.11440984806005
[701] Train-rmse=3.11313975203917
[702] Train-rmse=3.11200657293094
[703] Train-rmse=3.1109187505557
[704] Train-rmse=3.10964360655846
[705] Train-rmse=3.10858675999898
[706] Train-rmse=3.10732765236223
[707] Train-rmse=3.10622969908967
[708] Train-rmse=3.10509685583588
[709] Train-rmse=3.1038194620177
[710] Train-rmse=3.10274043329762
[711] Train-rmse=3.10161784875404
[712] Train-rmse=3.1005686156078
[713] Train-rmse=3.09931560970206
[714] Train-rmse=3.09830140830224
[715] Train-rmse=3.09718195597551
[716] Train-rmse=3.09611081383706
[717] Train-rmse=3.09489651789275
[718] Train-rmse=3.09383735415263
[719] Train-rmse=3.09270218478954
[720] Train-rmse=3.09165406018155
[721] Train-rmse=3.09070277118992
[722] Train-rmse=3.08963319574498
[723] Train-rmse=3.08851444256549
[724] Train-rmse=3.08747192512266
[725] Train-rmse=3.08638097777772
[726] Train-rmse=3.08539101294956
[727] Train-rmse=3.08426083822402
[728] Train-rmse=3.08335513259114
[729] Train-rmse=3.08235970064066
[730] Train-rmse=3.08114653343505
[731] Train-rmse=3.08020887438343
[732] Train-rmse=3.07933729639485
[733] Train-rmse=3.07820163785959
[734] Train-rmse=3.0771585487259
[735] Train-rmse=3.07622648722952
[736] Train-rmse=3.07513450393457
[737] Train-rmse=3.07418530177543
[738] Train-rmse=3.07319112239695
[739] Train-rmse=3.07224466526554
[740] Train-rmse=3.07123015133714
[741] Train-rmse=3.07036683543878
[742] Train-rmse=3.06927163455986
[743] Train-rmse=3.06817893974681
[744] Train-rmse=3.06723375056455
[745] Train-rmse=3.06640374658904
[746] Train-rmse=3.0654912305703
[747] Train-rmse=3.06438266331441
[748] Train-rmse=3.06343867557998
[749] Train-rmse=3.06268330539243
[750] Train-rmse=3.06169923055786
[751] Train-rmse=3.06064062137078
[752] Train-rmse=3.05968926226657
[753] Train-rmse=3.05888051515285
[754] Train-rmse=3.05776399781275
[755] Train-rmse=3.05690359362453
[756] Train-rmse=3.05605646800734
[757] Train-rmse=3.05516460999035
[758] Train-rmse=3.05422014820771
[759] Train-rmse=3.0533581896258
[760] Train-rmse=3.0523950928756
[761] Train-rmse=3.05154075815287
[762] Train-rmse=3.05073049726793
[763] Train-rmse=3.04979052873479
[764] Train-rmse=3.04890503864926
[765] Train-rmse=3.04791316147344
[766] Train-rmse=3.04710886980936
[767] Train-rmse=3.04620139708655
[768] Train-rmse=3.04542522046671
[769] Train-rmse=3.04450280881554
[770] Train-rmse=3.04371153911624
[771] Train-rmse=3.04286600419882
[772] Train-rmse=3.04202369875077
[773] Train-rmse=3.04102260978172
[774] Train-rmse=3.04015308148395
[775] Train-rmse=3.03927006920519
[776] Train-rmse=3.03854056115003
[777] Train-rmse=3.03772055832675
[778] Train-rmse=3.03695394658724
[779] Train-rmse=3.03605746324581
[780] Train-rmse=3.03523584694067
[781] Train-rmse=3.03428164044223
[782] Train-rmse=3.0335119710425
[783] Train-rmse=3.03278994575593
[784] Train-rmse=3.03199178609647
[785] Train-rmse=3.03104269623313
[786] Train-rmse=3.03028101228778
[787] Train-rmse=3.02945275789527
[788] Train-rmse=3.02878141307507
[789] Train-rmse=3.02777760153774
[790] Train-rmse=3.02699385485519
[791] Train-rmse=3.02618473557661
[792] Train-rmse=3.02548790117847
[793] Train-rmse=3.02470297494333
[794] Train-rmse=3.02378660081448
[795] Train-rmse=3.02303260112982
[796] Train-rmse=3.02214032153623
[797] Train-rmse=3.0215254009641
[798] Train-rmse=3.02072130675245
[799] Train-rmse=3.01993068686344
[800] Train-rmse=3.0190901433844
[801] Train-rmse=3.0185309979784
[802] Train-rmse=3.01753557509331
[803] Train-rmse=3.01684123728149
[804] Train-rmse=3.01614250656741
[805] Train-rmse=3.01541105475684
[806] Train-rmse=3.01463462910543
[807] Train-rmse=3.0139111192698
[808] Train-rmse=3.01311075638359
[809] Train-rmse=3.01235623617318
[810] Train-rmse=3.01163205737123
[811] Train-rmse=3.01065947931836
[812] Train-rmse=3.01004040332478
[813] Train-rmse=3.00939282436466
[814] Train-rmse=3.0085624835152
[815] Train-rmse=3.0078295378867
[816] Train-rmse=3.00719625028679
[817] Train-rmse=3.00644977814696
[818] Train-rmse=3.00564082082016
[819] Train-rmse=3.00495590832221
[820] Train-rmse=3.00417854339611
[821] Train-rmse=3.00341711902275
[822] Train-rmse=3.00270880118316
[823] Train-rmse=3.00208495778136
[824] Train-rmse=3.00142816636618
[825] Train-rmse=3.00066265426635
[826] Train-rmse=2.99993590492245
[827] Train-rmse=2.99913229121221
[828] Train-rmse=2.99856299909208
[829] Train-rmse=2.99785244935412
[830] Train-rmse=2.9970722833996
[831] Train-rmse=2.9964415955957
[832] Train-rmse=2.9957695977762
[833] Train-rmse=2.99509371228592
[834] Train-rmse=2.99432938188533
[835] Train-rmse=2.99351707420853
[836] Train-rmse=2.99285174407918
[837] Train-rmse=2.9922811245247
[838] Train-rmse=2.9915767906086
[839] Train-rmse=2.99082722909738
[840] Train-rmse=2.99025509556091
[841] Train-rmse=2.98959199500693
[842] Train-rmse=2.98877893832055
[843] Train-rmse=2.98825970906631
[844] Train-rmse=2.98744251799506
[845] Train-rmse=2.98679942899092
[846] Train-rmse=2.98607676295094
[847] Train-rmse=2.98553676354497
[848] Train-rmse=2.98472660793929
[849] Train-rmse=2.98424520398689
[850] Train-rmse=2.98345087590247
[851] Train-rmse=2.98293552945116
[852] Train-rmse=2.98213063980657
[853] Train-rmse=2.98147976956632
[854] Train-rmse=2.9807692992399
[855] Train-rmse=2.98024632016921
[856] Train-rmse=2.97948848256146
[857] Train-rmse=2.97891663743167
[858] Train-rmse=2.97822849760473
[859] Train-rmse=2.97761213126824
[860] Train-rmse=2.97696329154562
[861] Train-rmse=2.97629251756276
[862] Train-rmse=2.97555272527306
[863] Train-rmse=2.97510172280463
[864] Train-rmse=2.97453997345817
[865] Train-rmse=2.97375956787091
[866] Train-rmse=2.97316652934198
[867] Train-rmse=2.97258831411856
[868] Train-rmse=2.97195567388844
[869] Train-rmse=2.97127265540356
[870] Train-rmse=2.97068073946181
[871] Train-rmse=2.9700522713117
[872] Train-rmse=2.9692911579822
[873] Train-rmse=2.96889329671361
[874] Train-rmse=2.96809680847338
[875] Train-rmse=2.96760934244441
[876] Train-rmse=2.96693294638483
[877] Train-rmse=2.96646547754253
[878] Train-rmse=2.96578422649571
[879] Train-rmse=2.96518179362722
[880] Train-rmse=2.96457520507192
[881] Train-rmse=2.96397163256367
[882] Train-rmse=2.9632864115578
[883] Train-rmse=2.96275046210073
[884] Train-rmse=2.96220585825717
[885] Train-rmse=2.96148417735052
[886] Train-rmse=2.96096351459843
[887] Train-rmse=2.96041363722093
[888] Train-rmse=2.95977716170188
[889] Train-rmse=2.95913542789285
[890] Train-rmse=2.95849221219848
[891] Train-rmse=2.95798538021247
[892] Train-rmse=2.95739762889113
[893] Train-rmse=2.95688146960524
[894] Train-rmse=2.95623229141266
[895] Train-rmse=2.95562295217307
[896] Train-rmse=2.95518731715858
[897] Train-rmse=2.95455964092112
[898] Train-rmse=2.95383581480714
[899] Train-rmse=2.95332696723013
[900] Train-rmse=2.95273340852533
[901] Train-rmse=2.95220644240142
[902] Train-rmse=2.95169075029595
[903] Train-rmse=2.95108414609245
[904] Train-rmse=2.95052807995
[905] Train-rmse=2.94992202664117
[906] Train-rmse=2.94931274236187
[907] Train-rmse=2.94873254326629
[908] Train-rmse=2.94821845484031
[909] Train-rmse=2.94762492536796
[910] Train-rmse=2.94708477387088
[911] Train-rmse=2.94662758832196
[912] Train-rmse=2.94600900417096
[913] Train-rmse=2.94542759795608
[914] Train-rmse=2.94494702406438
[915] Train-rmse=2.94437568620153
[916] Train-rmse=2.94378899078862
[917] Train-rmse=2.94324760198331
[918] Train-rmse=2.94270705271541
[919] Train-rmse=2.94211158278282
[920] Train-rmse=2.94161177123313
[921] Train-rmse=2.94109714305893
[922] Train-rmse=2.94050788744844
[923] Train-rmse=2.9399193783084
[924] Train-rmse=2.93945794942996
[925] Train-rmse=2.93886349950809
[926] Train-rmse=2.9382817669064
[927] Train-rmse=2.93768138096411
[928] Train-rmse=2.93727587435866
[929] Train-rmse=2.93673035028277
[930] Train-rmse=2.93630310521074
[931] Train-rmse=2.93561289647045
[932] Train-rmse=2.93508476133732
[933] Train-rmse=2.9344974019762
[934] Train-rmse=2.93399953045099
[935] Train-rmse=2.93349150758243
[936] Train-rmse=2.93304042318388
[937] Train-rmse=2.93242733616237
[938] Train-rmse=2.93190916812922
[939] Train-rmse=2.93136554646958
[940] Train-rmse=2.93089803044056
[941] Train-rmse=2.93039919753874
[942] Train-rmse=2.92990202163473
[943] Train-rmse=2.92929025231882
[944] Train-rmse=2.92885110704467
[945] Train-rmse=2.92824967793751
[946] Train-rmse=2.92777452860387
[947] Train-rmse=2.92729565465919
[948] Train-rmse=2.92680270262088
[949] Train-rmse=2.926313273308
[950] Train-rmse=2.92564677567977
[951] Train-rmse=2.92511969893459
[952] Train-rmse=2.9248074999421
[953] Train-rmse=2.92426820170081
[954] Train-rmse=2.92379418036853
[955] Train-rmse=2.92318058410578
[956] Train-rmse=2.92283679939233
[957] Train-rmse=2.9222944453036
[958] Train-rmse=2.92159053980239
[959] Train-rmse=2.9211674223301
[960] Train-rmse=2.92073380188227
[961] Train-rmse=2.92009136392207
[962] Train-rmse=2.91965988790027
[963] Train-rmse=2.91921116491658
[964] Train-rmse=2.91873343250869
[965] Train-rmse=2.918253141149
[966] Train-rmse=2.91766278830648
[967] Train-rmse=2.91727244782763
[968] Train-rmse=2.91669255186128
[969] Train-rmse=2.91630533702958
[970] Train-rmse=2.9157479070497
[971] Train-rmse=2.91524718152158
[972] Train-rmse=2.91473516826285
[973] Train-rmse=2.91426747517761
[974] Train-rmse=2.91375884050719
[975] Train-rmse=2.91337394256033
[976] Train-rmse=2.91278548512392
[977] Train-rmse=2.91240253728772
[978] Train-rmse=2.91187179903717
[979] Train-rmse=2.91136597731086
[980] Train-rmse=2.91084682909438
[981] Train-rmse=2.91034072188361
[982] Train-rmse=2.90985938703207
[983] Train-rmse=2.90952898806348
[984] Train-rmse=2.90897853841377
[985] Train-rmse=2.90847967014436
[986] Train-rmse=2.90796793355679
[987] Train-rmse=2.90765339317477
[988] Train-rmse=2.90707512060849
[989] Train-rmse=2.90669216893663
[990] Train-rmse=2.90617580908359
[991] Train-rmse=2.90563284121688
[992] Train-rmse=2.90520365948638
[993] Train-rmse=2.90481825009723
[994] Train-rmse=2.90421047612024
[995] Train-rmse=2.90380505032254
[996] Train-rmse=2.90320235212619
[997] Train-rmse=2.9028787915107
[998] Train-rmse=2.90231215405414
[999] Train-rmse=2.90190166792355
[1000] Train-rmse=2.90136796043608
[1001] Train-rmse=2.90094980644234
[1002] Train-rmse=2.90053681849597
[1003] Train-rmse=2.8999974316029
[1004] Train-rmse=2.89958831244766
[1005] Train-rmse=2.89919533817217
[1006] Train-rmse=2.89872957324402
[1007] Train-rmse=2.89824736629208
[1008] Train-rmse=2.89779345439034
[1009] Train-rmse=2.8972809338618
[1010] Train-rmse=2.89687983493577
[1011] Train-rmse=2.89642922722266
[1012] Train-rmse=2.89599375862615
[1013] Train-rmse=2.89553807699174
[1014] Train-rmse=2.89509825886606
[1015] Train-rmse=2.89462815235962
[1016] Train-rmse=2.89413671500214
[1017] Train-rmse=2.89380064192778
[1018] Train-rmse=2.89330546527303
[1019] Train-rmse=2.89281646294856
[1020] Train-rmse=2.89234302646527
[1021] Train-rmse=2.89192622631782
[1022] Train-rmse=2.89158664267801
[1023] Train-rmse=2.89101466020497
[1024] Train-rmse=2.89064017665006
[1025] Train-rmse=2.89012358598608
[1026] Train-rmse=2.88977633013056
[1027] Train-rmse=2.88931138370228
[1028] Train-rmse=2.88884268088369
[1029] Train-rmse=2.88846193841495
[1030] Train-rmse=2.88793461741447
[1031] Train-rmse=2.88761782937862
[1032] Train-rmse=2.88715412992912
[1033] Train-rmse=2.88657163027987
[1034] Train-rmse=2.88629430394388
[1035] Train-rmse=2.88575940024821
[1036] Train-rmse=2.88538532054541
[1037] Train-rmse=2.88493278528332
[1038] Train-rmse=2.88443127551188
[1039] Train-rmse=2.88400906628864
[1040] Train-rmse=2.88361552588214
[1041] Train-rmse=2.88316404980639
[1042] Train-rmse=2.88280302161854
[1043] Train-rmse=2.88234265132781
[1044] Train-rmse=2.88192106268167
[1045] Train-rmse=2.88142918285923
[1046] Train-rmse=2.88100239810838
[1047] Train-rmse=2.8806293207498
[1048] Train-rmse=2.88011792456705
[1049] Train-rmse=2.87976256522711
[1050] Train-rmse=2.87929980502995
[1051] Train-rmse=2.8789910561857
[1052] Train-rmse=2.87841422639127
[1053] Train-rmse=2.87806637463752
[1054] Train-rmse=2.87758896309277
[1055] Train-rmse=2.87727499166509
[1056] Train-rmse=2.87688644052672
[1057] Train-rmse=2.87643053640279
[1058] Train-rmse=2.87606374288722
[1059] Train-rmse=2.87548965277296
[1060] Train-rmse=2.87497063568838
[1061] Train-rmse=2.87463390027976
[1062] Train-rmse=2.87425940142832
[1063] Train-rmse=2.87377971980999
[1064] Train-rmse=2.87340319113952
[1065] Train-rmse=2.87302874649922
[1066] Train-rmse=2.87252852486904
[1067] Train-rmse=2.87220908105072
[1068] Train-rmse=2.87172888433202
[1069] Train-rmse=2.87140815857828
[1070] Train-rmse=2.87097440932153
[1071] Train-rmse=2.8705409395657
[1072] Train-rmse=2.87005023653934
[1073] Train-rmse=2.8696894569459
[1074] Train-rmse=2.86925875349503
[1075] Train-rmse=2.86885870060272
[1076] Train-rmse=2.86854130350777
[1077] Train-rmse=2.86796357922077
[1078] Train-rmse=2.86766915284188
[1079] Train-rmse=2.86726910209667
[1080] Train-rmse=2.86693000855073
[1081] Train-rmse=2.86638099347071
[1082] Train-rmse=2.86589948223279
[1083] Train-rmse=2.86562835973931
[1084] Train-rmse=2.86522331988585
[1085] Train-rmse=2.86478953451538
[1086] Train-rmse=2.8643874915806
[1087] Train-rmse=2.86397733717699
[1088] Train-rmse=2.8636085617899
[1089] Train-rmse=2.86321371859091
[1090] Train-rmse=2.86280303821565
[1091] Train-rmse=2.86232440552406
[1092] Train-rmse=2.86198063757321
[1093] Train-rmse=2.86163719477018
[1094] Train-rmse=2.86122730047408
[1095] Train-rmse=2.86075752152296
[1096] Train-rmse=2.86034894759534
[1097] Train-rmse=2.86006242558052
[1098] Train-rmse=2.85964905735372
[1099] Train-rmse=2.8591756936123
[1100] Train-rmse=2.85875442164503
[1101] Train-rmse=2.85837119820553
[1102] Train-rmse=2.85798735895087
[1103] Train-rmse=2.8575177241361
[1104] Train-rmse=2.85718657763167
[1105] Train-rmse=2.85683455778829
[1106] Train-rmse=2.85640327843397
[1107] Train-rmse=2.85604017881658
[1108] Train-rmse=2.85561668882695
[1109] Train-rmse=2.85527888891712
[1110] Train-rmse=2.85483661921761
[1111] Train-rmse=2.85450016972931
[1112] Train-rmse=2.85408405010948
[1113] Train-rmse=2.85372286540283
[1114] Train-rmse=2.85326983699253
[1115] Train-rmse=2.8529461494372
[1116] Train-rmse=2.85261895570349
[1117] Train-rmse=2.85217968703018
[1118] Train-rmse=2.85169355573159
[1119] Train-rmse=2.85142135168404
[1120] Train-rmse=2.85101822697324
[1121] Train-rmse=2.85073872561932
[1122] Train-rmse=2.85024362788299
[1123] Train-rmse=2.84992220191837
[1124] Train-rmse=2.84950761127913
[1125] Train-rmse=2.84924615280623
[1126] Train-rmse=2.84872947013329
[1127] Train-rmse=2.84836947486283
[1128] Train-rmse=2.84799169894321
[1129] Train-rmse=2.84758495982916
[1130] Train-rmse=2.84715560841617
[1131] Train-rmse=2.84686900170094
[1132] Train-rmse=2.84644319233447
[1133] Train-rmse=2.84612625102417
[1134] Train-rmse=2.84571155830195
[1135] Train-rmse=2.84533988081161
[1136] Train-rmse=2.84488569947723
[1137] Train-rmse=2.84457895186216
[1138] Train-rmse=2.84425615092935
[1139] Train-rmse=2.84388487304149
[1140] Train-rmse=2.84341314280089
[1141] Train-rmse=2.84307112017631
[1142] Train-rmse=2.84277052597228
[1143] Train-rmse=2.84228681094732
[1144] Train-rmse=2.84192120315103
[1145] Train-rmse=2.84171265654044
[1146] Train-rmse=2.84117634829453
[1147] Train-rmse=2.84090022566153
[1148] Train-rmse=2.8405118919584
[1149] Train-rmse=2.84003716081601
[1150] Train-rmse=2.83966078223565
[1151] Train-rmse=2.83954563861725
[1152] Train-rmse=2.83904943894098
[1153] Train-rmse=2.83868090738818
[1154] Train-rmse=2.8382405707448
[1155] Train-rmse=2.83805281530027
[1156] Train-rmse=2.83759312688144
[1157] Train-rmse=2.83718184849848
[1158] Train-rmse=2.83680383544053
[1159] Train-rmse=2.83641940767554
[1160] Train-rmse=2.83626884531536
[1161] Train-rmse=2.83569985806991
[1162] Train-rmse=2.83541743309139
[1163] Train-rmse=2.83506730810506
[1164] Train-rmse=2.83476456012982
[1165] Train-rmse=2.83434152475973
[1166] Train-rmse=2.83399437667366
[1167] Train-rmse=2.8336035845568
[1168] Train-rmse=2.83329004571856
[1169] Train-rmse=2.83292038288893
[1170] Train-rmse=2.83253811910551
[1171] Train-rmse=2.83228174762847
[1172] Train-rmse=2.83176906052162
[1173] Train-rmse=2.83145628894207
[1174] Train-rmse=2.83108942103849
[1175] Train-rmse=2.83080567815931
[1176] Train-rmse=2.8303502488648
[1177] Train-rmse=2.83006000566874
[1178] Train-rmse=2.82967389261316
[1179] Train-rmse=2.8293832367228
[1180] Train-rmse=2.82899381740138
[1181] Train-rmse=2.82864070306289
[1182] Train-rmse=2.82826154199164
[1183] Train-rmse=2.82784941952907
[1184] Train-rmse=2.82753482464009
[1185] Train-rmse=2.82721472694795
[1186] Train-rmse=2.82679864351818
[1187] Train-rmse=2.82651738249526
[1188] Train-rmse=2.82611886413441
[1189] Train-rmse=2.82563999892741
[1190] Train-rmse=2.8254372185388
[1191] Train-rmse=2.82508142180216
[1192] Train-rmse=2.82479544103393
[1193] Train-rmse=2.8244406148308
[1194] Train-rmse=2.82397754839119
[1195] Train-rmse=2.82371797128953
[1196] Train-rmse=2.82323466297099
[1197] Train-rmse=2.82297421377242
[1198] Train-rmse=2.8226813377374
[1199] Train-rmse=2.822411175636
[1200] Train-rmse=2.82186831123786
[1201] Train-rmse=2.82152014751483
[1202] Train-rmse=2.82121628246289
[1203] Train-rmse=2.82087606938745
[1204] Train-rmse=2.82050778587515
[1205] Train-rmse=2.82020842615077
[1206] Train-rmse=2.81988680670165
[1207] Train-rmse=2.81949687116772
[1208] Train-rmse=2.81909825632184
[1209] Train-rmse=2.81880130796556
[1210] Train-rmse=2.8185040178418
[1211] Train-rmse=2.81800446481145
[1212] Train-rmse=2.81778915265118
[1213] Train-rmse=2.81740273459589
[1214] Train-rmse=2.8171015347443
[1215] Train-rmse=2.8167454047143
[1216] Train-rmse=2.81635837378894
[1217] Train-rmse=2.81598703960495
[1218] Train-rmse=2.81557143530063
[1219] Train-rmse=2.81529918713142
[1220] Train-rmse=2.81503510109907
[1221] Train-rmse=2.8146624982116
[1222] Train-rmse=2.81434639085492
[1223] Train-rmse=2.81403351196255
[1224] Train-rmse=2.81355637536223
[1225] Train-rmse=2.81335722612394
[1226] Train-rmse=2.81293240347758
[1227] Train-rmse=2.81261515220762
[1228] Train-rmse=2.81227356763089
[1229] Train-rmse=2.81198199676538
[1230] Train-rmse=2.81135636592635
[1231] Train-rmse=2.81141285612843
[1232] Train-rmse=2.81089253683586
[1233] Train-rmse=2.81055509166465
[1234] Train-rmse=2.8101793508517
[1235] Train-rmse=2.8099357107966
[1236] Train-rmse=2.80962077776588
[1237] Train-rmse=2.80924582796834
[1238] Train-rmse=2.80884293356739
[1239] Train-rmse=2.80858095307091
[1240] Train-rmse=2.80823414526781
[1241] Train-rmse=2.80791664661063
[1242] Train-rmse=2.80756739834876
[1243] Train-rmse=2.8072616097793
[1244] Train-rmse=2.80693453090411
[1245] Train-rmse=2.806538503895
[1246] Train-rmse=2.80621089782371
[1247] Train-rmse=2.8058507762122
[1248] Train-rmse=2.80560979893064
[1249] Train-rmse=2.80520812892667
[1250] Train-rmse=2.80485287720506
[1251] Train-rmse=2.80459359550417
[1252] Train-rmse=2.80422896275905
[1253] Train-rmse=2.80392801857643
[1254] Train-rmse=2.80358083822101
[1255] Train-rmse=2.80318893347856
[1256] Train-rmse=2.80285606534894
[1257] Train-rmse=2.80253739448583
[1258] Train-rmse=2.80221151094312
[1259] Train-rmse=2.80190429683713
[1260] Train-rmse=2.80147458058232
[1261] Train-rmse=2.80120232572252
[1262] Train-rmse=2.8009571552362
[1263] Train-rmse=2.80053255922162
[1264] Train-rmse=2.80028764308025
[1265] Train-rmse=2.79989224282077
[1266] Train-rmse=2.79960943660448
[1267] Train-rmse=2.79928973932112
[1268] Train-rmse=2.79886828624084
[1269] Train-rmse=2.79859719600902
[1270] Train-rmse=2.79819290754118
[1271] Train-rmse=2.79799384583821
[1272] Train-rmse=2.7975761338507
[1273] Train-rmse=2.79728491612402
[1274] Train-rmse=2.79686012273715
[1275] Train-rmse=2.79656131744253
[1276] Train-rmse=2.79634913982523
[1277] Train-rmse=2.79602206245404
[1278] Train-rmse=2.79556869149984
[1279] Train-rmse=2.7952748913926
[1280] Train-rmse=2.79495604148621
[1281] Train-rmse=2.79467618651236
[1282] Train-rmse=2.79439509022307
[1283] Train-rmse=2.79406996250123
[1284] Train-rmse=2.79370880730169
[1285] Train-rmse=2.79343808996482
[1286] Train-rmse=2.79301619017308
[1287] Train-rmse=2.79275679669157
[1288] Train-rmse=2.79246971001558
[1289] Train-rmse=2.79208857852609
[1290] Train-rmse=2.79187525551292
[1291] Train-rmse=2.79145656056015
[1292] Train-rmse=2.79108940993959
[1293] Train-rmse=2.79070193682872
[1294] Train-rmse=2.79052636546739
[1295] Train-rmse=2.79014957423245
[1296] Train-rmse=2.78989063580084
[1297] Train-rmse=2.78946538806477
[1298] Train-rmse=2.78912539102728
[1299] Train-rmse=2.78887426053586
[1300] Train-rmse=2.7885508901677
[1301] Train-rmse=2.78832531222398
[1302] Train-rmse=2.78789891876579
[1303] Train-rmse=2.78763717467123
[1304] Train-rmse=2.78714643953717
[1305] Train-rmse=2.7869071500017
[1306] Train-rmse=2.78666346156395
[1307] Train-rmse=2.78622549249853
[1308] Train-rmse=2.7859952120581
[1309] Train-rmse=2.78570352084564
[1310] Train-rmse=2.78544199904616
[1311] Train-rmse=2.78502071971497
[1312] Train-rmse=2.78473020265755
[1313] Train-rmse=2.7843729377693
[1314] Train-rmse=2.78398461108109
[1315] Train-rmse=2.78384822895943
[1316] Train-rmse=2.78341194260491
[1317] Train-rmse=2.78314314141674
[1318] Train-rmse=2.78270861548467
[1319] Train-rmse=2.78236948796395
[1320] Train-rmse=2.78209111519605
[1321] Train-rmse=2.78184863261073
[1322] Train-rmse=2.78155623774154
[1323] Train-rmse=2.78116408612199
[1324] Train-rmse=2.7807801088045
[1325] Train-rmse=2.78056374738654
[1326] Train-rmse=2.78015603629382
[1327] Train-rmse=2.77984030211513
[1328] Train-rmse=2.77961938742142
[1329] Train-rmse=2.77920846143866
[1330] Train-rmse=2.77903001509909
[1331] Train-rmse=2.77864014093579
[1332] Train-rmse=2.77825131276524
[1333] Train-rmse=2.77802104813334
[1334] Train-rmse=2.77769202977553
[1335] Train-rmse=2.77740708033112
[1336] Train-rmse=2.77713998683902
[1337] Train-rmse=2.77676149244098
[1338] Train-rmse=2.77639677564814
[1339] Train-rmse=2.77616918051229
[1340] Train-rmse=2.77583180293885
[1341] Train-rmse=2.77545851862285
[1342] Train-rmse=2.77521026865433
[1343] Train-rmse=2.77480559516394
[1344] Train-rmse=2.77456520624373
[1345] Train-rmse=2.77423899052869
[1346] Train-rmse=2.77398742348496
[1347] Train-rmse=2.77364947117506
[1348] Train-rmse=2.7733593286135
[1349] Train-rmse=2.77297799036289
[1350] Train-rmse=2.77270838126825
[1351] Train-rmse=2.77250081242638
[1352] Train-rmse=2.77213077086131
[1353] Train-rmse=2.77182371470615
[1354] Train-rmse=2.77150073199463
[1355] Train-rmse=2.77114151827195
[1356] Train-rmse=2.77091406737477
[1357] Train-rmse=2.77053404640003
[1358] Train-rmse=2.77018163236098
[1359] Train-rmse=2.76991199463472
[1360] Train-rmse=2.76964208020941
[1361] Train-rmse=2.76931646630353
[1362] Train-rmse=2.7690157135179
[1363] Train-rmse=2.76866155961271
[1364] Train-rmse=2.76836052320983
[1365] Train-rmse=2.76811110279827
[1366] Train-rmse=2.7677341697972
[1367] Train-rmse=2.76743443485048
[1368] Train-rmse=2.76724054090939
[1369] Train-rmse=2.76701299613716
[1370] Train-rmse=2.76656755610934
[1371] Train-rmse=2.76622976380849
[1372] Train-rmse=2.76592199356077
[1373] Train-rmse=2.76568357488998
[1374] Train-rmse=2.76536403601195
[1375] Train-rmse=2.76502353321157
[1376] Train-rmse=2.76465735648882
[1377] Train-rmse=2.7644141885607
[1378] Train-rmse=2.7641850353081
[1379] Train-rmse=2.76384592018239
[1380] Train-rmse=2.76354646121333
[1381] Train-rmse=2.76332400038963
[1382] Train-rmse=2.76302025703039
[1383] Train-rmse=2.76270533389936
[1384] Train-rmse=2.7623380191304
[1385] Train-rmse=2.76204272867967
[1386] Train-rmse=2.76169533831738
[1387] Train-rmse=2.7613917186181
[1388] Train-rmse=2.7612020360804
[1389] Train-rmse=2.76088277707447
[1390] Train-rmse=2.76055113364936
[1391] Train-rmse=2.7602047341226
[1392] Train-rmse=2.75998771019339
[1393] Train-rmse=2.75969000801085
[1394] Train-rmse=2.75933839914046
[1395] Train-rmse=2.75908398507308
[1396] Train-rmse=2.7587798393672
[1397] Train-rmse=2.75851851404015
[1398] Train-rmse=2.75826272071774
[1399] Train-rmse=2.75791072687198
[1400] Train-rmse=2.75764013500772
[1401] Train-rmse=2.75738674544718
[1402] Train-rmse=2.75695719921344
[1403] Train-rmse=2.75672358990981
[1404] Train-rmse=2.7564927360146
[1405] Train-rmse=2.75620253391127
[1406] Train-rmse=2.75573731655347
[1407] Train-rmse=2.75557064281384
[1408] Train-rmse=2.75514800609116
[1409] Train-rmse=2.75487452798779
[1410] Train-rmse=2.75465842720813
[1411] Train-rmse=2.75437435505678
[1412] Train-rmse=2.75396036666648
[1413] Train-rmse=2.75378015797657
[1414] Train-rmse=2.75351788008282
[1415] Train-rmse=2.75322688833059
[1416] Train-rmse=2.75285992749978
[1417] Train-rmse=2.75258954370115
[1418] Train-rmse=2.75231592474401
[1419] Train-rmse=2.75207553582506
[1420] Train-rmse=2.7517353011202
[1421] Train-rmse=2.75147905355382
[1422] Train-rmse=2.75123295282544
[1423] Train-rmse=2.75095531171565
[1424] Train-rmse=2.7505746473489
[1425] Train-rmse=2.75020160665643
[1426] Train-rmse=2.74996930339746
[1427] Train-rmse=2.74980565422263
[1428] Train-rmse=2.74936010282214
[1429] Train-rmse=2.74912910010675
[1430] Train-rmse=2.74892083285856
[1431] Train-rmse=2.74850207367328
[1432] Train-rmse=2.74828306943501
[1433] Train-rmse=2.74796209778763
[1434] Train-rmse=2.7476263813184
[1435] Train-rmse=2.74746284926856
[1436] Train-rmse=2.74710198481873
[1437] Train-rmse=2.74688190401457
[1438] Train-rmse=2.74652590010109
[1439] Train-rmse=2.74627709883939
[1440] Train-rmse=2.74595378968565
[1441] Train-rmse=2.74585503308386
[1442] Train-rmse=2.74540849368602
[1443] Train-rmse=2.74517098849446
[1444] Train-rmse=2.74475187838856
[1445] Train-rmse=2.74466661876245
[1446] Train-rmse=2.7442919026691
[1447] Train-rmse=2.74393408631288
[1448] Train-rmse=2.74370571977133
[1449] Train-rmse=2.7434271886851
[1450] Train-rmse=2.74311200718325
[1451] Train-rmse=2.742873603631
[1452] Train-rmse=2.74251860191304
[1453] Train-rmse=2.74222401413272
[1454] Train-rmse=2.74199318349207
[1455] Train-rmse=2.74171964269973
[1456] Train-rmse=2.74139261856287
[1457] Train-rmse=2.74120100953401
[1458] Train-rmse=2.7408880538067
[1459] Train-rmse=2.74048579926754
[1460] Train-rmse=2.74018375704715
[1461] Train-rmse=2.74003737319995
[1462] Train-rmse=2.73979240861195
[1463] Train-rmse=2.73946145760619
[1464] Train-rmse=2.73909570448436
[1465] Train-rmse=2.73885846575135
[1466] Train-rmse=2.73862834119783
[1467] Train-rmse=2.73832331833683
[1468] Train-rmse=2.73787415539689
[1469] Train-rmse=2.73771204256415
[1470] Train-rmse=2.73738911652447
[1471] Train-rmse=2.73716263217333
[1472] Train-rmse=2.73686017331853
[1473] Train-rmse=2.73665330288143
[1474] Train-rmse=2.73631261512426
[1475] Train-rmse=2.7360274968898
[1476] Train-rmse=2.73575566469077
[1477] Train-rmse=2.73552059442265
[1478] Train-rmse=2.73513307826182
[1479] Train-rmse=2.73480788943705
[1480] Train-rmse=2.73466659286861
[1481] Train-rmse=2.73435351555297
[1482] Train-rmse=2.73407550569871
[1483] Train-rmse=2.73380727072418
[1484] Train-rmse=2.73350289087348
[1485] Train-rmse=2.73328300694196
[1486] Train-rmse=2.73305197213937
[1487] Train-rmse=2.7326413967102
[1488] Train-rmse=2.73243816110633
[1489] Train-rmse=2.73217447768152
[1490] Train-rmse=2.73181196200301
[1491] Train-rmse=2.73144821930423
[1492] Train-rmse=2.73129078240683
[1493] Train-rmse=2.73092867726206
[1494] Train-rmse=2.73070375821199
[1495] Train-rmse=2.73037754388997
[1496] Train-rmse=2.73002114755516
[1497] Train-rmse=2.7298253916946
[1498] Train-rmse=2.72957340062122
[1499] Train-rmse=2.72925842991245
[1500] Train-rmse=2.72897601821684
[1501] Train-rmse=2.7288577057634
[1502] Train-rmse=2.72844080871556
[1503] Train-rmse=2.72813013781272
[1504] Train-rmse=2.72783749028986
[1505] Train-rmse=2.72772968464553
[1506] Train-rmse=2.72737711566493
[1507] Train-rmse=2.72700319550539
[1508] Train-rmse=2.7268886954891
[1509] Train-rmse=2.72640967141832
[1510] Train-rmse=2.72613449313728
[1511] Train-rmse=2.72598858481821
[1512] Train-rmse=2.72559553196904
[1513] Train-rmse=2.72534003458015
[1514] Train-rmse=2.72502131305396
[1515] Train-rmse=2.72477018759363
[1516] Train-rmse=2.7245167140389
[1517] Train-rmse=2.72433171755223
[1518] Train-rmse=2.72396214357441
[1519] Train-rmse=2.72362206490629
[1520] Train-rmse=2.72341339026289
[1521] Train-rmse=2.72303015192614
[1522] Train-rmse=2.72294361539129
[1523] Train-rmse=2.72256854134584
[1524] Train-rmse=2.7222689392853
[1525] Train-rmse=2.72201936315672
[1526] Train-rmse=2.72172941006934
[1527] Train-rmse=2.72140336574165
[1528] Train-rmse=2.72119106774284
[1529] Train-rmse=2.72096799332297
[1530] Train-rmse=2.72064032178996
[1531] Train-rmse=2.72052422478262
[1532] Train-rmse=2.72013709110277
[1533] Train-rmse=2.71977324039363
[1534] Train-rmse=2.71953736562208
[1535] Train-rmse=2.71933464359491
[1536] Train-rmse=2.71903779803154
[1537] Train-rmse=2.71873970888153
[1538] Train-rmse=2.71845261090397
[1539] Train-rmse=2.71804609915516
[1540] Train-rmse=2.71798269313737
[1541] Train-rmse=2.71759061877065
[1542] Train-rmse=2.71736436759736
[1543] Train-rmse=2.71702259969771
[1544] Train-rmse=2.7168450398791
[1545] Train-rmse=2.71657902248973
[1546] Train-rmse=2.71624762827698
[1547] Train-rmse=2.71592618372882
[1548] Train-rmse=2.71568644154883
[1549] Train-rmse=2.71549516414056
[1550] Train-rmse=2.71515730655248
[1551] Train-rmse=2.71481374644266
[1552] Train-rmse=2.7146324522371
[1553] Train-rmse=2.71422320146512
[1554] Train-rmse=2.7142019684677
[1555] Train-rmse=2.71373628752543
[1556] Train-rmse=2.713518170018
[1557] Train-rmse=2.71318230525065
[1558] Train-rmse=2.71287634885847
[1559] Train-rmse=2.71269858459907
[1560] Train-rmse=2.71248657093008
[1561] Train-rmse=2.71210398745039
[1562] Train-rmse=2.71182119701213
[1563] Train-rmse=2.71156892386395
[1564] Train-rmse=2.71127643952164
[1565] Train-rmse=2.71106786999325
[1566] Train-rmse=2.7107654179129
[1567] Train-rmse=2.71036243647515
[1568] Train-rmse=2.71014915565436
[1569] Train-rmse=2.70998226056708
[1570] Train-rmse=2.70955776263157
[1571] Train-rmse=2.70943249753585
[1572] Train-rmse=2.70907242625665
[1573] Train-rmse=2.70878117083328
[1574] Train-rmse=2.7085800527361
[1575] Train-rmse=2.7083683321899
[1576] Train-rmse=2.70810875993708
[1577] Train-rmse=2.70764445927767
[1578] Train-rmse=2.70757249498228
[1579] Train-rmse=2.70727345644646
[1580] Train-rmse=2.70686877280649
[1581] Train-rmse=2.70679473127471
[1582] Train-rmse=2.70632470222546
[1583] Train-rmse=2.70613079353055
[1584] Train-rmse=2.70594545961237
[1585] Train-rmse=2.70560579197989
[1586] Train-rmse=2.70542358985934
[1587] Train-rmse=2.7050721192778
[1588] Train-rmse=2.70491184660502
[1589] Train-rmse=2.70452094925075
[1590] Train-rmse=2.70424992578323
[1591] Train-rmse=2.70393858912677
[1592] Train-rmse=2.70379877483653
[1593] Train-rmse=2.70343248195067
[1594] Train-rmse=2.70335001208457
[1595] Train-rmse=2.70288503468859
[1596] Train-rmse=2.7027527361967
[1597] Train-rmse=2.7023801509798
[1598] Train-rmse=2.70218953507404
[1599] Train-rmse=2.70201320192518
[1600] Train-rmse=2.70161984150404
[1601] Train-rmse=2.70133073069335
[1602] Train-rmse=2.70103634836126
[1603] Train-rmse=2.70088276698553
[1604] Train-rmse=2.70065668098582
[1605] Train-rmse=2.70034586011612
[1606] Train-rmse=2.70005937649351
[1607] Train-rmse=2.69976463965486
[1608] Train-rmse=2.69954765020488
[1609] Train-rmse=2.69924113286265
[1610] Train-rmse=2.69904034573338
[1611] Train-rmse=2.69880243411386
[1612] Train-rmse=2.6983486917148
[1613] Train-rmse=2.69812340667446
[1614] Train-rmse=2.69776341413804
[1615] Train-rmse=2.69778876230892
[1616] Train-rmse=2.69735000833069
[1617] Train-rmse=2.6970318070187
[1618] Train-rmse=2.6967704883511
[1619] Train-rmse=2.69657023044517
[1620] Train-rmse=2.69626798325789
[1621] Train-rmse=2.69601869715736
[1622] Train-rmse=2.69576352650324
[1623] Train-rmse=2.69548204155195
[1624] Train-rmse=2.69514231851986
[1625] Train-rmse=2.69494101745305
[1626] Train-rmse=2.69469197501839
[1627] Train-rmse=2.69438157110171
[1628] Train-rmse=2.6941817877172
[1629] Train-rmse=2.69403841455546
[1630] Train-rmse=2.69365084433931
[1631] Train-rmse=2.69326708272667
[1632] Train-rmse=2.69317302893583
[1633] Train-rmse=2.69291306844025
[1634] Train-rmse=2.69247546900621
[1635] Train-rmse=2.6923197363911
[1636] Train-rmse=2.69200339783599
[1637] Train-rmse=2.69187778667882
[1638] Train-rmse=2.69147478044233
[1639] Train-rmse=2.69142398032562
[1640] Train-rmse=2.69098722568039
[1641] Train-rmse=2.69069281170237
[1642] Train-rmse=2.69042669964342
[1643] Train-rmse=2.69024736466448
[1644] Train-rmse=2.68982397202249
[1645] Train-rmse=2.6897666185615
[1646] Train-rmse=2.68946876803548
[1647] Train-rmse=2.68920141330489
[1648] Train-rmse=2.68903872736781
[1649] Train-rmse=2.68870835919553
[1650] Train-rmse=2.68823729296903
[1651] Train-rmse=2.68808999495495
[1652] Train-rmse=2.68787494223372
[1653] Train-rmse=2.68761442452141
[1654] Train-rmse=2.68730470673536
[1655] Train-rmse=2.68713792581234
[1656] Train-rmse=2.68688969849807
[1657] Train-rmse=2.68660422244371
[1658] Train-rmse=2.68630524350131
[1659] Train-rmse=2.68610586617309
[1660] Train-rmse=2.68590806174957
[1661] Train-rmse=2.68567167972924
[1662] Train-rmse=2.685338743614
[1663] Train-rmse=2.68512835854786
[1664] Train-rmse=2.68480304065394
[1665] Train-rmse=2.68458822009373
[1666] Train-rmse=2.68434814130813
[1667] Train-rmse=2.68396896038965
[1668] Train-rmse=2.68361502708717
[1669] Train-rmse=2.68347121325923
[1670] Train-rmse=2.68329432234201
[1671] Train-rmse=2.68302017309468
[1672] Train-rmse=2.68270709439878
[1673] Train-rmse=2.68259322722835
[1674] Train-rmse=2.68223779538206
[1675] Train-rmse=2.68198476324983
[1676] Train-rmse=2.68178657722974
[1677] Train-rmse=2.68150270683551
[1678] Train-rmse=2.68112713858782
[1679] Train-rmse=2.68090306811903
[1680] Train-rmse=2.68081616332264
[1681] Train-rmse=2.68063203660552
[1682] Train-rmse=2.68004355680528
[1683] Train-rmse=2.67995634675091
[1684] Train-rmse=2.67964289203946
[1685] Train-rmse=2.67949403369163
[1686] Train-rmse=2.67920261763053
[1687] Train-rmse=2.67888126511483
[1688] Train-rmse=2.67879040629555
[1689] Train-rmse=2.67836370940802
[1690] Train-rmse=2.67806629686098
[1691] Train-rmse=2.67785416678445
[1692] Train-rmse=2.67770574853196
[1693] Train-rmse=2.67727123067541
[1694] Train-rmse=2.67706674769711
[1695] Train-rmse=2.67681570298469
[1696] Train-rmse=2.67644168473567
[1697] Train-rmse=2.67631634147213
[1698] Train-rmse=2.67604772447426
[1699] Train-rmse=2.67581244930567
[1700] Train-rmse=2.67559637180769
[1701] Train-rmse=2.67540578200079
[1702] Train-rmse=2.67502463439683
[1703] Train-rmse=2.67469274522362
[1704] Train-rmse=2.67452814971831
[1705] Train-rmse=2.6741975571476
[1706] Train-rmse=2.67401936399281
[1707] Train-rmse=2.6737725806472
[1708] Train-rmse=2.67357408081621
[1709] Train-rmse=2.67322826118426
[1710] Train-rmse=2.67304858679151
[1711] Train-rmse=2.67261996149426
[1712] Train-rmse=2.67245066054933
[1713] Train-rmse=2.67230101443533
[1714] Train-rmse=2.6719338897936
[1715] Train-rmse=2.6716675024875
[1716] Train-rmse=2.67138585353811
[1717] Train-rmse=2.67126873630595
[1718] Train-rmse=2.67094093629448
[1719] Train-rmse=2.67074123234335
[1720] Train-rmse=2.67049642213329
[1721] Train-rmse=2.6701018669401
[1722] Train-rmse=2.66991902089722
[1723] Train-rmse=2.66973124902521
[1724] Train-rmse=2.66944396383103
[1725] Train-rmse=2.66917176305371
[1726] Train-rmse=2.6689225047748
[1727] Train-rmse=2.66879536047619
[1728] Train-rmse=2.66845748874888
[1729] Train-rmse=2.66817034584257
[1730] Train-rmse=2.66792472176319
[1731] Train-rmse=2.66766391750194
[1732] Train-rmse=2.66732765488509
[1733] Train-rmse=2.66709245060874
[1734] Train-rmse=2.66684114200699
[1735] Train-rmse=2.66671166413738
[1736] Train-rmse=2.66645320478551
[1737] Train-rmse=2.66624223717954
[1738] Train-rmse=2.66586719891214
[1739] Train-rmse=2.6656823550133
[1740] Train-rmse=2.66546209557014
[1741] Train-rmse=2.66511903387935
[1742] Train-rmse=2.66494891889913
[1743] Train-rmse=2.66470444123966
[1744] Train-rmse=2.66454490542348
[1745] Train-rmse=2.66428482727353
[1746] Train-rmse=2.66380775240774
[1747] Train-rmse=2.66364015526593
[1748] Train-rmse=2.66353145682689
[1749] Train-rmse=2.66319807433202
[1750] Train-rmse=2.66308463710558
[1751] Train-rmse=2.66283996383518
[1752] Train-rmse=2.662523797508
[1753] Train-rmse=2.6622404438376
[1754] Train-rmse=2.66181501736527
[1755] Train-rmse=2.66171988713112
[1756] Train-rmse=2.66154604198203
[1757] Train-rmse=2.66125173613227
[1758] Train-rmse=2.66091360322673
[1759] Train-rmse=2.6607647782349
[1760] Train-rmse=2.66031383520592
[1761] Train-rmse=2.66033085377987
[1762] Train-rmse=2.66004926939703
[1763] Train-rmse=2.65969496868257
[1764] Train-rmse=2.65965432367885
[1765] Train-rmse=2.65926917435335
[1766] Train-rmse=2.65904248175827
[1767] Train-rmse=2.65874860414283
[1768] Train-rmse=2.65848983375804
[1769] Train-rmse=2.65816881886022
[1770] Train-rmse=2.65794811128583
[1771] Train-rmse=2.65778572909716
[1772] Train-rmse=2.65749914975986
[1773] Train-rmse=2.65741419740632
[1774] Train-rmse=2.65711230150383
[1775] Train-rmse=2.65679212477887
[1776] Train-rmse=2.65667042187603
[1777] Train-rmse=2.65632740635434
[1778] Train-rmse=2.65605791952201
[1779] Train-rmse=2.65577736540518
[1780] Train-rmse=2.65555914188203
[1781] Train-rmse=2.65533207737086
[1782] Train-rmse=2.65504293323045
[1783] Train-rmse=2.65483458547679
[1784] Train-rmse=2.65457303360514
[1785] Train-rmse=2.65424887952372
[1786] Train-rmse=2.65414308716276
[1787] Train-rmse=2.65390831096174
[1788] Train-rmse=2.65369555865829
[1789] Train-rmse=2.65344146201676
[1790] Train-rmse=2.65325733115237
[1791] Train-rmse=2.6529393193726
[1792] Train-rmse=2.65269239722578
[1793] Train-rmse=2.65247092846785
[1794] Train-rmse=2.65224980800336
[1795] Train-rmse=2.65193195024927
[1796] Train-rmse=2.65172870139714
[1797] Train-rmse=2.65145765246809
[1798] Train-rmse=2.6512834637374
[1799] Train-rmse=2.65113702696683
[1800] Train-rmse=2.65079919449372
[1801] Train-rmse=2.65055413111385
[1802] Train-rmse=2.65020833415599
[1803] Train-rmse=2.64995234153323
[1804] Train-rmse=2.64976576016553
[1805] Train-rmse=2.64966298914319
[1806] Train-rmse=2.64948944863747
[1807] Train-rmse=2.64915053789029
[1808] Train-rmse=2.64873088557145
[1809] Train-rmse=2.64861932748006
[1810] Train-rmse=2.64841134212528
[1811] Train-rmse=2.64819429523511
[1812] Train-rmse=2.64789003298355
[1813] Train-rmse=2.64763305829605
[1814] Train-rmse=2.64748785580186
[1815] Train-rmse=2.6471716055005
[1816] Train-rmse=2.64689387833985
[1817] Train-rmse=2.64667330838076
[1818] Train-rmse=2.64632409849353
[1819] Train-rmse=2.64631451368668
[1820] Train-rmse=2.64606499067527
[1821] Train-rmse=2.64566516021403
[1822] Train-rmse=2.64554059286418
[1823] Train-rmse=2.64521372144589
[1824] Train-rmse=2.64509369781732
[1825] Train-rmse=2.64490811545383
[1826] Train-rmse=2.64456078033986
[1827] Train-rmse=2.64421043933485
[1828] Train-rmse=2.64398755505121
[1829] Train-rmse=2.6437763384609
[1830] Train-rmse=2.64370477104919
[1831] Train-rmse=2.64334762689009
[1832] Train-rmse=2.64309912219022
[1833] Train-rmse=2.64282680265237
[1834] Train-rmse=2.64270262406171
[1835] Train-rmse=2.64233192330761
[1836] Train-rmse=2.64207491221237
[1837] Train-rmse=2.64184536707377
[1838] Train-rmse=2.64174419161563
[1839] Train-rmse=2.64136504235599
[1840] Train-rmse=2.64118578112391
[1841] Train-rmse=2.64084204696794
[1842] Train-rmse=2.6407978411551
[1843] Train-rmse=2.64047132701395
[1844] Train-rmse=2.64010820757949
[1845] Train-rmse=2.639960829746
[1846] Train-rmse=2.63972141771741
[1847] Train-rmse=2.63941154299848
[1848] Train-rmse=2.63929808792896
[1849] Train-rmse=2.63894078161519
[1850] Train-rmse=2.63894132295756
[1851] Train-rmse=2.63858845957823
[1852] Train-rmse=2.63807243656226
[1853] Train-rmse=2.63799529660124
[1854] Train-rmse=2.63786284862821
[1855] Train-rmse=2.63746121670343
[1856] Train-rmse=2.6373354971661
[1857] Train-rmse=2.63702783674295
[1858] Train-rmse=2.63679287590892
[1859] Train-rmse=2.63656480622789
[1860] Train-rmse=2.63636039854684
[1861] Train-rmse=2.63611816705386
[1862] Train-rmse=2.63594091366114
[1863] Train-rmse=2.63557937001438
[1864] Train-rmse=2.6353413910336
[1865] Train-rmse=2.63518768542597
[1866] Train-rmse=2.63488106286705
[1867] Train-rmse=2.63480353385932
[1868] Train-rmse=2.63451301294233
[1869] Train-rmse=2.6343550469864
[1870] Train-rmse=2.6340735135266
[1871] Train-rmse=2.63373686866051
[1872] Train-rmse=2.6335333098537
[1873] Train-rmse=2.6332125341434
[1874] Train-rmse=2.63303835427747
[1875] Train-rmse=2.63284225254665
[1876] Train-rmse=2.63265447165478
[1877] Train-rmse=2.6322726483859
[1878] Train-rmse=2.63205926026938
[1879] Train-rmse=2.63185188293433
[1880] Train-rmse=2.6317845122234
[1881] Train-rmse=2.6313880451247
[1882] Train-rmse=2.63126575484114
[1883] Train-rmse=2.63084289891607
[1884] Train-rmse=2.63054551930526
[1885] Train-rmse=2.63044664089886
[1886] Train-rmse=2.63027539416944
[1887] Train-rmse=2.6299712218164
[1888] Train-rmse=2.62982348759729
[1889] Train-rmse=2.629476206283
[1890] Train-rmse=2.62925692600503
[1891] Train-rmse=2.62897150969365
[1892] Train-rmse=2.62895610786979
[1893] Train-rmse=2.62846894070294
[1894] Train-rmse=2.62836021246105
[1895] Train-rmse=2.62807949012687
[1896] Train-rmse=2.62793400200671
[1897] Train-rmse=2.62748702636072
[1898] Train-rmse=2.62741905549661
[1899] Train-rmse=2.62717151510056
[1900] Train-rmse=2.62689197108012
[1901] Train-rmse=2.626643101978
[1902] Train-rmse=2.62646403288426
[1903] Train-rmse=2.62641372127118
[1904] Train-rmse=2.62596481400011
[1905] Train-rmse=2.625615985427
[1906] Train-rmse=2.6255999499788
[1907] Train-rmse=2.62527938005581
[1908] Train-rmse=2.62506327766152
[1909] Train-rmse=2.62484941134597
[1910] Train-rmse=2.62457269266239
[1911] Train-rmse=2.62438036730988
[1912] Train-rmse=2.62416994495868
[1913] Train-rmse=2.62403088409821
[1914] Train-rmse=2.62364125079064
[1915] Train-rmse=2.62336823881645
[1916] Train-rmse=2.6232303844939
[1917] Train-rmse=2.62286663178549
[1918] Train-rmse=2.6227447233388
[1919] Train-rmse=2.6225315825691
[1920] Train-rmse=2.62215300632905
[1921] Train-rmse=2.62207890243368
[1922] Train-rmse=2.62178056609865
[1923] Train-rmse=2.62170767712553
[1924] Train-rmse=2.62129097769495
[1925] Train-rmse=2.62114731312275
[1926] Train-rmse=2.62081393961951
[1927] Train-rmse=2.62073515915539
[1928] Train-rmse=2.6203417678813
[1929] Train-rmse=2.62015667157495
[1930] Train-rmse=2.619881167052
[1931] Train-rmse=2.61980731782774
[1932] Train-rmse=2.61946053417577
[1933] Train-rmse=2.61926438818257
[1934] Train-rmse=2.61902459375464
[1935] Train-rmse=2.61870381632143
[1936] Train-rmse=2.61863688700629
[1937] Train-rmse=2.61834064394761
[1938] Train-rmse=2.6180562578301
[1939] Train-rmse=2.61798427401709
[1940] Train-rmse=2.61772173644696
[1941] Train-rmse=2.61735148754143
[1942] Train-rmse=2.61718774545927
[1943] Train-rmse=2.61697145140209
[1944] Train-rmse=2.61671679858203
[1945] Train-rmse=2.6164074656098
[1946] Train-rmse=2.61616419087144
[1947] Train-rmse=2.61607100131074
[1948] Train-rmse=2.615647024167
[1949] Train-rmse=2.61558960981229
[1950] Train-rmse=2.61531952817568
[1951] Train-rmse=2.61513331825697
[1952] Train-rmse=2.61487779049732
[1953] Train-rmse=2.61469477556599
[1954] Train-rmse=2.61426921642498
[1955] Train-rmse=2.61416339630879
[1956] Train-rmse=2.61405893897635
[1957] Train-rmse=2.61375608067166
[1958] Train-rmse=2.61350160562483
[1959] Train-rmse=2.61320051585626
[1960] Train-rmse=2.6130625622457
[1961] Train-rmse=2.61289808609423
[1962] Train-rmse=2.61256724266467
[1963] Train-rmse=2.61226133919484
[1964] Train-rmse=2.61209883070728
[1965] Train-rmse=2.61199185113216
[1966] Train-rmse=2.61165405692817
[1967] Train-rmse=2.61139720311454
[1968] Train-rmse=2.61116483970574
[1969] Train-rmse=2.61091435927776
[1970] Train-rmse=2.61078765970198
[1971] Train-rmse=2.61053310769386
[1972] Train-rmse=2.61027978038836
[1973] Train-rmse=2.61007221953691
[1974] Train-rmse=2.60980849771591
[1975] Train-rmse=2.60958253110185
[1976] Train-rmse=2.609264489949
[1977] Train-rmse=2.60922506860152
[1978] Train-rmse=2.60889559634371
[1979] Train-rmse=2.60864759607738
[1980] Train-rmse=2.60846192069586
[1981] Train-rmse=2.60819471971198
[1982] Train-rmse=2.60787615561622
[1983] Train-rmse=2.60773481790493
[1984] Train-rmse=2.60754217405965
[1985] Train-rmse=2.60724371598007
[1986] Train-rmse=2.607149539656
[1987] Train-rmse=2.60682252938546
[1988] Train-rmse=2.60658548943442
[1989] Train-rmse=2.60643278752867
[1990] Train-rmse=2.60626884802284
[1991] Train-rmse=2.60589475242844
[1992] Train-rmse=2.60566535832319
[1993] Train-rmse=2.60552243448683
[1994] Train-rmse=2.6052595308161
[1995] Train-rmse=2.6050119426867
[1996] Train-rmse=2.60486938174747
[1997] Train-rmse=2.60467798401148
[1998] Train-rmse=2.60432224545464
[1999] Train-rmse=2.60419515242162
[2000] Train-rmse=2.60385787176045
[1] Finished training model for kp : 
[1]  1  2  3  4 21 22 29 30
Time difference of 1.364981 hours
[1] Formating submission
[1] Saving predictions
[1] Saved file :./submissions/sub_modelDoubleConvNN-Tue Jul 12 17:49:19 2016.csv
[1] "Tue Jul 12 17:49:19 2016"
[1] Done.
